| Tempo	| Buffer estável	| Buffer atual	| Menor throughtput	| Qualidade Buscada	|
| 0.077438	| 10	| 0	| inf	| 0	|
| 0.140506	| 10	| 0	| 803296.4926851083	| 9	|
| 0.179076	| 10	| 1	| 803296.4926851083	| 12	|
| 0.221503	| 10	| 2	| 803296.4926851083	| 12	|
| 0.272229	| 10	| 3	| 803296.4926851083	| 15	|
| 0.326075	| 10	| 4	| 803296.4926851083	| 18	|
| 0.428556	| 10	| 4	| 803296.4926851083	| 18	|
| 0.525272	| 10	| 5	| 803296.4926851083	| 18	|
| 0.661042	| 10	| 6	| 803296.4926851083	| 18	|
| 0.843468	| 10	| 7	| 803296.4926851083	| 18	|
| 1.15846	| 10	| 8	| 803296.4926851083	| 18	|
| 1.701997	| 10	| 8	| 803296.4926851083	| 18	|
| 2.155198	| 10	| 9	| 803296.4926851083	| 18	|
| 2.86077	| 10	| 9	| 803296.4926851083	| 18	|
| 3.663861	| 10	| 9	| 803296.4926851083	| 18	|
| 4.464791	| 10	| 9	| 803296.4926851083	| 18	|
| 5.427993	| 10	| 9	| 803296.4926851083	| 18	|
| 60.743677	| 10	| 0	| 46934.81244512939	| 0	|
| 60.817422	| 11.45897835703	| 1	| 46934.81244512939	| 8	|
| 60.897541	| 11.45897835703	| 2	| 46934.81244512939	| 8	|
| 61.04665	| 11.45897835703	| 3	| 46934.81244512939	| 8	|
| 61.299273	| 11.45897835703	| 4	| 46934.81244512939	| 8	|
| 61.472891	| 11.45897835703	| 4	| 46934.81244512939	| 8	|
| 61.625353	| 11.45897835703	| 5	| 46934.81244512939	| 8	|
| 61.923603	| 11.45897835703	| 6	| 46934.81244512939	| 8	|
| 62.274022	| 11.45897835703	| 7	| 46934.81244512939	| 8	|
| 62.667671	| 11.45897835703	| 7	| 46934.81244512939	| 8	|
| 63.045729	| 11.45897835703	| 8	| 46934.81244512939	| 8	|
| 63.498681	| 11.45897835703	| 8	| 46934.81244512939	| 8	|
| 63.937582	| 11.45897835703	| 9	| 46934.81244512939	| 8	|
| 64.54889	| 11.45897835703	| 9	| 46934.81244512939	| 8	|
| 65.150408	| 11.45897835703	| 10	| 46934.81244512939	| 8	|
| 73.668882	| 10	| 2	| 46934.81244512939	| 0	|
| 74.716747	| 10	| 2	| 46934.81244512939	| 0	|
| 75.746202	| 10	| 2	| 46929.05061372346	| 0	|
| 75.822045	| 11.460385261719397	| 3	| 46929.05061372346	| 8	|
| 76.044746	| 11.460385261719397	| 4	| 46929.05061372346	| 8	|
| 76.273337	| 11.460385261719397	| 5	| 46929.05061372346	| 8	|
| 76.581999	| 11.460385261719397	| 5	| 46929.05061372346	| 8	|
| 76.885783	| 11.460385261719397	| 6	| 46929.05061372346	| 8	|
| 77.262839	| 11.460385261719397	| 7	| 46929.05061372346	| 8	|
| 77.638807	| 11.460385261719397	| 7	| 46929.05061372346	| 8	|
| 78.013685	| 11.460385261719397	| 8	| 46929.05061372346	| 8	|
| 78.467039	| 11.460385261719397	| 8	| 46929.05061372346	| 8	|
| 78.90424	| 11.460385261719397	| 9	| 46929.05061372346	| 8	|
| 79.506909	| 11.460385261719397	| 9	| 46929.05061372346	| 8	|
| 80.11759	| 11.460385261719397	| 10	| 46929.05061372346	| 8	|
| 80.197115	| 90.41143906625808	| 11	| 46929.05061372346	| 18	|
| 80.258277	| 47.60686548699685	| 12	| 46929.05061372346	| 14	|
| 80.315154	| 55.77108349246314	| 13	| 46929.05061372346	| 15	|
| 80.365374	| 81.86790377720722	| 14	| 46929.05061372346	| 17	|
| 80.418122	| 55.77108349246314	| 14	| 46929.05061372346	| 15	|
| 80.469238	| 55.77108349246314	| 15	| 46929.05061372346	| 15	|
| 80.514904	| 81.86790377720722	| 16	| 46929.05061372346	| 17	|
| 80.560553	| 81.86790377720722	| 17	| 46929.05061372346	| 17	|
| 80.613185	| 70.42797492761305	| 18	| 46929.05061372346	| 16	|
| 80.670195	| 90.41143906625808	| 19	| 46929.05061372346	| 18	|
| 80.71613	| 70.42797492761305	| 20	| 46929.05061372346	| 16	|
| 80.762857	| 90.41143906625808	| 21	| 46929.05061372346	| 18	|
| 80.814861	| 90.41143906625808	| 22	| 46929.05061372346	| 18	|
| 80.860219	| 81.86790377720722	| 23	| 46929.05061372346	| 17	|
| 80.915714	| 90.41143906625808	| 24	| 46929.05061372346	| 18	|
| 80.961803	| 90.41143906625808	| 25	| 46929.05061372346	| 18	|
| 81.016962	| 90.41143906625808	| 26	| 46929.05061372346	| 18	|
| 81.078584	| 90.41143906625808	| 27	| 46929.05061372346	| 18	|
| 81.129902	| 90.41143906625808	| 28	| 46929.05061372346	| 18	|
| 81.188249	| 90.41143906625808	| 29	| 46929.05061372346	| 18	|
| 81.253024	| 90.41143906625808	| 30	| 46929.05061372346	| 18	|
| 81.311254	| 90.41143906625808	| 31	| 46929.05061372346	| 18	|
| 81.397755	| 90.41143906625808	| 32	| 46929.05061372346	| 18	|
| 81.483372	| 90.41143906625808	| 32	| 46929.05061372346	| 18	|
| 81.538682	| 81.86790377720722	| 33	| 46929.05061372346	| 17	|
| 81.610663	| 90.41143906625808	| 34	| 46929.05061372346	| 18	|
| 81.676513	| 90.41143906625808	| 35	| 46929.05061372346	| 18	|
| 81.752764	| 90.41143906625808	| 36	| 46929.05061372346	| 18	|
| 81.853346	| 90.41143906625808	| 37	| 46929.05061372346	| 18	|
| 81.947983	| 90.41143906625808	| 38	| 46929.05061372346	| 18	|
| 82.043273	| 90.41143906625808	| 39	| 46929.05061372346	| 18	|
| 82.146259	| 90.41143906625808	| 40	| 46929.05061372346	| 18	|
| 82.250636	| 90.41143906625808	| 41	| 46929.05061372346	| 18	|
| 82.38943	| 90.41143906625808	| 42	| 46929.05061372346	| 18	|
| 82.492641	| 90.41143906625808	| 42	| 46929.05061372346	| 18	|
| 82.609426	| 90.41143906625808	| 43	| 46929.05061372346	| 18	|
| 82.731675	| 90.41143906625808	| 44	| 46929.05061372346	| 18	|
| 82.850798	| 90.41143906625808	| 45	| 46929.05061372346	| 18	|
| 82.953965	| 90.41143906625808	| 46	| 46929.05061372346	| 18	|
| 83.072096	| 90.41143906625808	| 47	| 46929.05061372346	| 18	|
| 83.208947	| 90.41143906625808	| 48	| 46929.05061372346	| 18	|
| 83.34465	| 90.41143906625808	| 49	| 46929.05061372346	| 18	|
| 83.446779	| 90.41143906625808	| 49	| 46929.05061372346	| 18	|
| 83.571139	| 90.41143906625808	| 50	| 46929.05061372346	| 18	|
| 83.692927	| 90.41143906625808	| 51	| 46929.05061372346	| 18	|
| 83.86039	| 90.41143906625808	| 52	| 46929.05061372346	| 18	|
| 84.010328	| 90.41143906625808	| 53	| 46929.05061372346	| 18	|
| 84.180525	| 90.41143906625808	| 54	| 46929.05061372346	| 18	|
| 84.356898	| 90.41143906625808	| 55	| 46929.05061372346	| 18	|
| 84.537879	| 90.41143906625808	| 55	| 46929.05061372346	| 18	|
| 84.723661	| 90.41143906625808	| 56	| 46929.05061372346	| 18	|
| 84.944324	| 90.41143906625808	| 57	| 46929.05061372346	| 18	|
| 103.974057	| 10	| 39	| 46929.05061372346	| 0	|
| 104.010813	| 27.97386656733477	| 40	| 46929.05061372346	| 12	|
